Arguments: 
  C:\Program Files\nodejs\node.exe C:\Users\stevi\AppData\Roaming\npm\node_modules\yarn\bin\yarn.js init

PATH: 
  C:\Program Files (x86)\Common Files\Oracle\Java\javapath;C:\Program Files (x86)\Intel\Intel(R) Management Engine Components\iCLS\;C:\Program Files\Intel\Intel(R) Management Engine Components\iCLS\;C:\windows\system32;C:\windows;C:\windows\System32\Wbem;C:\windows\System32\WindowsPowerShell\v1.0\;C:\windows\System32\OpenSSH\;C:\Program Files (x86)\Intel\Intel(R) Management Engine Components\DAL;C:\Program Files\Intel\Intel(R) Management Engine Components\DAL;C:\Program Files (x86)\Intel\Intel(R) Management Engine Components\IPT;C:\Program Files\Intel\Intel(R) Management Engine Components\IPT;C:\Program Files (x86)\NVIDIA Corporation\PhysX\Common;C:\Program Files\nodejs\;d:\src\flutter\bin;C:\Program Files\dotnet\;C:\Program Files\Microsoft SQL Server\130\Tools\Binn\;C:\Program Files\Microsoft SQL Server\Client SDK\ODBC\170\Tools\Binn\;C:\Program Files\Git\cmd;C:\Program Files\Intel\WiFi\bin\;C:\Program Files\Common Files\Intel\WirelessCommon\;C:\WINDOWS\system32;C:\WINDOWS;C:\WINDOWS\System32\Wbem;C:\WINDOWS\System32\WindowsPowerShell\v1.0\;C:\WINDOWS\System32\OpenSSH\;D:\Program Files (x86)\Gpg4win\..\GnuPG\bin;C:\Users\stevi\AppData\Local\Microsoft\WindowsApps;C:\Users\stevi\AppData\Roaming\npm;C:\Users\stevi\AppData\Local\atom\bin;C:\Users\stevi\AppData\Local\GitHubDesktop\bin;D:\Program Files\Git\cmd;D:\Program Files\Microsoft VS Code\bin;C:\Users\stevi\.dotnet\tools;%USERPROFILE%\AppData\Local\Microsoft\WindowsApps;

Yarn version: 
  1.17.3

Node version: 
  10.13.0

Platform: 
  win32 x64

Trace: 
  Error: canceled
      at Interface.<anonymous> (C:\Users\stevi\AppData\Roaming\npm\node_modules\yarn\lib\cli.js:136724:13)
      at Interface.emit (events.js:182:13)
      at Interface._ttyWrite (readline.js:783:16)
      at ReadStream.onkeypress (readline.js:168:10)
      at ReadStream.emit (events.js:182:13)
      at emitKeys (internal/readline.js:424:14)
      at emitKeys.next (<anonymous>)
      at ReadStream.onData (readline.js:1022:36)
      at ReadStream.emit (events.js:182:13)
      at addChunk (_stream_readable.js:283:12)

npm manifest: 
  {
    "name": "appshelf",
    "version": "1.0.0",
    "description": "vue project scaffold",
    "author": "vuegg",
    "private": true,
    "scripts": {
      "dev": "webpack-dev-server --inline --progress --config build/webpack.dev.conf.js",
      "start": "npm run dev",
      "unit": "cross-env BABEL_ENV=test karma start test/unit/karma.conf.js --single-run",
      "e2e": "node test/e2e/runner.js",
      "test": "npm run unit && npm run e2e",
      "lint": "eslint --ext .js,.vue src test/unit/specs test/e2e/specs",
      "build": "node build/build.js"
    },
    "dependencies": {
      "vue-mdc-adapter": "^0.15.3",
      "vue": "^2.5.13",
      "vue-router": "^3.0.1"
    },
    "devDependencies": {
      "autoprefixer": "^7.2.5",
      "babel-core": "^6.22.1",
      "babel-eslint": "^7.1.1",
      "babel-loader": "^7.1.1",
      "babel-plugin-istanbul": "^4.1.1",
      "babel-plugin-transform-runtime": "^6.22.0",
      "babel-preset-env": "^1.3.2",
      "babel-preset-stage-2": "^6.22.0",
      "babel-register": "^6.22.0",
      "chai": "^4.1.2",
      "chalk": "^2.0.1",
      "chromedriver": "^2.35.0",
      "copy-webpack-plugin": "^4.3.1",
      "cross-env": "^5.1.3",
      "cross-spawn": "^5.0.1",
      "css-loader": "^0.28.9",
      "ejs": "^0.8.8",
      "eslint": "^3.19.0",
      "eslint-friendly-formatter": "^3.0.0",
      "eslint-loader": "^1.7.1",
      "eslint-plugin-html": "^3.0.0",
      "eslint-config-standard": "^10.2.1",
      "eslint-plugin-promise": "^3.4.0",
      "eslint-plugin-standard": "^3.0.1",
      "eslint-plugin-import": "^2.7.0",
      "eslint-plugin-node": "^5.2.0",
      "eventsource-polyfill": "^0.9.6",
      "express": "^4.14.1",
      "extract-text-webpack-plugin": "^3.0.0",
      "file-loader": "^1.1.6",
      "friendly-errors-webpack-plugin": "^1.6.1",
      "fs-extra": "^4.0.3",
      "html-webpack-plugin": "^2.30.1",
      "inject-loader": "^3.0.0",
      "karma": "^1.4.1",
      "karma-coverage": "^1.1.1",
      "karma-mocha": "^1.3.0",
      "karma-phantomjs-launcher": "^1.0.2",
      "karma-phantomjs-shim": "^1.4.0",
      "karma-sinon-chai": "^1.3.1",
      "karma-sourcemap-loader": "^0.3.7",
      "karma-spec-reporter": "0.0.31",
      "karma-webpack": "^2.0.9",
      "mocha": "^3.2.0",
      "nightwatch": "^0.9.19",
      "node-notifier": "^5.2.1",
      "optimize-css-assets-webpack-plugin": "^3.2.0",
      "ora": "^1.2.0",
      "phantomjs-prebuilt": "^2.1.14",
      "portfinder": "^1.0.13",
      "postcss-modules-extract-imports": "^1.2.0",
      "rimraf": "^2.6.0",
      "selenium-server": "^3.8.1",
      "sinon": "^4.2.2",
      "sinon-chai": "^2.8.0",
      "semver": "^5.3.0",
      "shelljs": "^0.7.6",
      "sockjs": "^0.3.19",
      "url-loader": "^0.5.8",
      "vue-loader": "^13.7.1",
      "vue-style-loader": "^3.0.1",
      "vue-template-compiler": "^2.5.13",
      "webpack": "^3.10.0",
      "webpack-bundle-analyzer": "^2.9.2",
      "webpack-dev-server": "^2.11.1",
      "webpack-merge": "^4.1.0"
    },
    "engines": {
      "node": ">= 4.0.0",
      "npm": ">= 3.0.0"
    },
    "browserslist": [
      "> 1%",
      "last 2 versions",
      "not ie <= 8"
    ]
  }

yarn manifest: 
  No manifest

Lockfile: 
  No lockfile
